Questionable use of curly braces in "xu1 0 n004 n001 0 cmos18nd w={w_dp} l={l_dp} id={id_dp}"
    Error: undefined symbol in: "[w_dp]"
Questionable use of curly braces in "xu1 0 n004 n001 0 cmos18nd w=(w_dp) l={l_dp} id={id_dp}"
    Error: undefined symbol in: "[l_dp]"
Questionable use of curly braces in "xu1 0 n004 n001 0 cmos18nd w=(w_dp) l=(l_dp) id={id_dp}"
    Error: undefined symbol in: "[id_dp]"
Questionable use of curly braces in "xu2 n002 n004 0 0 cmos18pn w_n={w_n} l_n={l_n} id_n={id_n} w_p={w_p} l_p={l_p} id_p={id_p}"
    Error: undefined symbol in: "[w_n]"
Questionable use of curly braces in "xu2 n002 n004 0 0 cmos18pn w_n=(w_n) l_n={l_n} id_n={id_n} w_p={w_p} l_p={l_p} id_p={id_p}"
    Error: undefined symbol in: "[l_n]"
Questionable use of curly braces in "xu2 n002 n004 0 0 cmos18pn w_n=(w_n) l_n=(l_n) id_n={id_n} w_p={w_p} l_p={l_p} id_p={id_p}"
    Error: undefined symbol in: "[id_n]"
Questionable use of curly braces in "xu2 n002 n004 0 0 cmos18pn w_n=(w_n) l_n=(l_n) id_n=(id_n) w_p={w_p} l_p={l_p} id_p={id_p}"
    Error: undefined symbol in: "[w_p]"
Questionable use of curly braces in "xu2 n002 n004 0 0 cmos18pn w_n=(w_n) l_n=(l_n) id_n=(id_n) w_p=(w_p) l_p={l_p} id_p={id_p}"
    Error: undefined symbol in: "[l_p]"
Questionable use of curly braces in "xu2 n002 n004 0 0 cmos18pn w_n=(w_n) l_n=(l_n) id_n=(id_n) w_p=(w_p) l_p=(l_p) id_p={id_p}"
    Error: undefined symbol in: "[id_p]"
Questionable use of curly braces in "e1 n006 0 n005 0 {l_a}"
    Error: undefined symbol in: "[l_a]"
Questionable use of curly braces in "v1 n005 0 v value={vin} dc=0 dcvar=0 noise=0"
    Error: undefined symbol in: "[vin]"
Questionable use of curly braces in "r1 n003 n002 {r1}"
    Error: undefined symbol in: "[r1]"
Questionable use of curly braces in "r2 0 out {r2}"
    Error: undefined symbol in: "[r2]"
Questionable use of curly braces in "c1 n001 n002 {c_f}"
    Error: undefined symbol in: "[c_f]"
Questionable use of curly braces in "c2 n007 n006 {c_a}"
    Error: undefined symbol in: "[c_a]"
Questionable use of curly braces in "rphz n001 n007 r value={rphz} dcvar=0"
    Error: undefined symbol in: "[rphz]"
Questionable use of curly braces in "l1 n003 out {lphz}"
    Error: undefined symbol in: "[lphz]"
Circuit: "Assignment 6 - Bandwidth limitation"

Fatal Error: Unknown subcircuit called in:
   xu1 0 n004 n001 0 cmos18nd w=(w_dp) l=(l_dp) id=(id_dp)
